%!Adobe-FontList 1.14
%Locale:0x4809

%BeginFont
Handler:DirectoryHandler
FontType:TrueType
FontName:CenturyGothic-Bold
FamilyName:Century Gothic
StyleName:Bold
FullName:Century Gothic Bold
MenuName:Century Gothic
StyleBits:2
WritingScript:Roman
OutlineFileName:C:\Users\Jasmy\Dropbox (Wingz Communications)\Wingz Communications Team Folder\External Share\WordPress Community\WordCamp Singapore 2016\WordCamp Singapore 2016 Marketing Assets\X Stand\Document fonts\GOTHICB.TTF
DataFormat:sfntData
FileLength:129676
FileModTime:910859968
WeightClass:700
WidthClass:5
AngleClass:0
%EndFont

