%!Adobe-FontList 1.14
%Locale:0x4809

%BeginFont
Handler:DirectoryHandler
FontType:TrueType
FontName:Helvetica-Oblique
FamilyName:Helvetica
StyleName:RomanItalic
FullName:Helvetica-Oblique
MenuName:Helvetica
StyleBits:1
WritingScript:Roman
OutlineFileName:C:\Users\Jasmy\Dropbox (Wingz Communications)\Wingz Communications Team Folder\External Share\WordPress Community\WordCamp Singapore 2016\WordCamp Singapore 2016 Marketing Assets\Tripod Stand\Document fonts\18938_HelveticaObl_.ttf
DataFormat:sfntData
FileLength:50884
FileModTime:1342164046
WeightClass:400
WidthClass:5
AngleClass:0
%EndFont

%BeginFont
Handler:DirectoryHandler
FontType:TrueType
FontName:CenturyGothic-Bold
FamilyName:Century Gothic
StyleName:Bold
FullName:Century Gothic Bold
MenuName:Century Gothic
StyleBits:2
WritingScript:Roman
OutlineFileName:C:\Users\Jasmy\Dropbox (Wingz Communications)\Wingz Communications Team Folder\External Share\WordPress Community\WordCamp Singapore 2016\WordCamp Singapore 2016 Marketing Assets\Tripod Stand\Document fonts\GOTHICB.TTF
DataFormat:sfntData
FileLength:129676
FileModTime:910859968
WeightClass:700
WidthClass:5
AngleClass:0
%EndFont

%BeginFont
Handler:DirectoryHandler
FontType:TrueType
FontName:Helvetica-Bold
FamilyName:Helvetica
StyleName:Bold
FullName:Helvetica Bold
MenuName:Helvetica
StyleBits:0
WritingScript:Roman
OutlineFileName:C:\Users\Jasmy\Dropbox (Wingz Communications)\Wingz Communications Team Folder\External Share\WordPress Community\WordCamp Singapore 2016\WordCamp Singapore 2016 Marketing Assets\Tripod Stand\Document fonts\Helvetica-Bold.ttf
DataFormat:sfntData
FileLength:308608
FileModTime:1455768686
WeightClass:700
WidthClass:5
AngleClass:0
%EndFont

%BeginFont
Handler:DirectoryHandler
FontType:TrueType
FontName:Helvetica
FamilyName:Helvetica
StyleName:Regular
FullName:Helvetica
MenuName:Helvetica
StyleBits:0
WritingScript:Roman
OutlineFileName:C:\Users\Jasmy\Dropbox (Wingz Communications)\Wingz Communications Team Folder\External Share\WordPress Community\WordCamp Singapore 2016\WordCamp Singapore 2016 Marketing Assets\Tripod Stand\Document fonts\Helvetica.ttf
DataFormat:sfntData
FileLength:313272
FileModTime:1455768448
WeightClass:400
WidthClass:5
AngleClass:0
%EndFont

