%!Adobe-FontList 1.14
%Locale:0x409

%BeginFont
Handler:DirectoryHandler
FontType:TrueType
FontName:Helvetica-Oblique
FamilyName:Helvetica
StyleName:RomanItalic
FullName:Helvetica-Oblique
MenuName:Helvetica
StyleBits:1
WritingScript:Roman
OutlineFileName:C:\Users\User\Dropbox (Wingz Communications)\Wingz Communications Team Folder\External Share\WordPress Community\WordCamp Singapore 2016\WordCamp Singapore 2016 Marketing Assets\Badges\Badges - Edited\Document fonts\18938_HelveticaObl_.ttf
DataFormat:sfntData
FileLength:50884
FileModTime:1342164046
WeightClass:400
WidthClass:5
AngleClass:0
%EndFont

%BeginFont
Handler:DirectoryHandler
FontType:TrueType
FontName:Helvetica-Bold
FamilyName:Helvetica
StyleName:Bold
FullName:Helvetica Bold
MenuName:Helvetica
StyleBits:0
WritingScript:Roman
OutlineFileName:C:\Users\User\Dropbox (Wingz Communications)\Wingz Communications Team Folder\External Share\WordPress Community\WordCamp Singapore 2016\WordCamp Singapore 2016 Marketing Assets\Badges\Badges - Edited\Document fonts\Helvetica-Bold.ttf
DataFormat:sfntData
FileLength:308608
FileModTime:1455768686
WeightClass:700
WidthClass:5
AngleClass:0
%EndFont

%BeginFont
Handler:DirectoryHandler
FontType:TrueType
FontName:Helvetica-Light
FamilyName:Helvetica
StyleName:Light
FullName:Helvetica Light
MenuName:Helvetica
StyleBits:0
WritingScript:Roman
OutlineFileName:C:\Users\User\Dropbox (Wingz Communications)\Wingz Communications Team Folder\External Share\WordPress Community\WordCamp Singapore 2016\WordCamp Singapore 2016 Marketing Assets\Badges\Badges - Edited\Document fonts\Helvetica-Light.ttf
DataFormat:sfntData
FileLength:291384
FileModTime:1455768882
WeightClass:300
WidthClass:5
AngleClass:0
%EndFont

